                                 Started job on |	Oct 30 23:03:07
                             Started mapping on |	Oct 30 23:08:09
                                    Finished on |	Oct 30 23:08:12
       Mapping speed, Million of reads per hour |	0.01

                          Number of input reads |	8
                      Average input read length |	40
                                    UNIQUE READS:
                   Uniquely mapped reads number |	4
                        Uniquely mapped reads % |	50.00%
                          Average mapped length |	42.50
                       Number of splices: Total |	2
            Number of splices: Annotated (sjdb) |	2
                       Number of splices: GT/AG |	2
                       Number of splices: GC/AG |	0
                       Number of splices: AT/AC |	0
               Number of splices: Non-canonical |	0
                      Mismatch rate per base, % |	1.18%
                         Deletion rate per base |	0.00%
                        Deletion average length |	0.00
                        Insertion rate per base |	0.00%
                       Insertion average length |	0.00
                             MULTI-MAPPING READS:
        Number of reads mapped to multiple loci |	3
             % of reads mapped to multiple loci |	37.50%
        Number of reads mapped to too many loci |	1
             % of reads mapped to too many loci |	12.50%
                                  UNMAPPED READS:
  Number of reads unmapped: too many mismatches |	0
       % of reads unmapped: too many mismatches |	0.00%
            Number of reads unmapped: too short |	0
                 % of reads unmapped: too short |	0.00%
                Number of reads unmapped: other |	0
                     % of reads unmapped: other |	0.00%
                                  CHIMERIC READS:
                       Number of chimeric reads |	0
                            % of chimeric reads |	0.00%
