B107809_A10_S130
Submitted batch job 48078801 (run_class_input.sh)
Submitted batch job 48078802 (run_ensembl.sh)
Submitted batch job 48078804 (run_compare.sh)
Submitted batch job 48078805 (run_log.sh)
Submitted batch job 48078806 (run_log.sh)
B107809_A11_S131
Submitted batch job 48078807 (run_class_input.sh)
Submitted batch job 48078808 (run_ensembl.sh)
Submitted batch job 48078810 (run_compare.sh)
Submitted batch job 48078811 (run_log.sh)
Submitted batch job 48078812 (run_log.sh)
B107809_A12_S132
Submitted batch job 48078813 (run_class_input.sh)
Submitted batch job 48078814 (run_ensembl.sh)
Submitted batch job 48078816 (run_compare.sh)
Submitted batch job 48078817 (run_log.sh)
Submitted batch job 48078819 (run_log.sh)
B107809_A13_S133
Submitted batch job 48078820 (run_class_input.sh)
Submitted batch job 48078821 (run_ensembl.sh)
Submitted batch job 48078822 (run_compare.sh)
Submitted batch job 48078824 (run_log.sh)
Submitted batch job 48078825 (run_log.sh)
B107809_A14_S134
Submitted batch job 48078826 (run_class_input.sh)
Submitted batch job 48078827 (run_ensembl.sh)
Submitted batch job 48078828 (run_compare.sh)
Submitted batch job 48078829 (run_log.sh)
Submitted batch job 48078830 (run_log.sh)
B107809_A15_S135
Submitted batch job 48078832 (run_class_input.sh)
Submitted batch job 48078833 (run_ensembl.sh)
Submitted batch job 48078834 (run_compare.sh)
Submitted batch job 48078835 (run_log.sh)
Submitted batch job 48078836 (run_log.sh)
B107809_A16_S136
Submitted batch job 48078838 (run_class_input.sh)
Submitted batch job 48078839 (run_ensembl.sh)
Submitted batch job 48078840 (run_compare.sh)
Submitted batch job 48078841 (run_log.sh)
Submitted batch job 48078842 (run_log.sh)
B107809_A17_S137
Submitted batch job 48078844 (run_class_input.sh)
Submitted batch job 48078845 (run_ensembl.sh)
Submitted batch job 48078846 (run_compare.sh)
Submitted batch job 48078847 (run_log.sh)
Submitted batch job 48078848 (run_log.sh)
B107809_A18_S138
Submitted batch job 48078850 (run_class_input.sh)
Submitted batch job 48078851 (run_ensembl.sh)
Submitted batch job 48078852 (run_compare.sh)
Submitted batch job 48078853 (run_log.sh)
Submitted batch job 48078854 (run_log.sh)
B107809_A19_S139
Submitted batch job 48078856 (run_class_input.sh)
Submitted batch job 48078857 (run_ensembl.sh)
Submitted batch job 48078859 (run_compare.sh)
Submitted batch job 48078860 (run_log.sh)
Submitted batch job 48078861 (run_log.sh)
B107809_A1_S121
Submitted batch job 48078863 (run_class_input.sh)
Submitted batch job 48078864 (run_ensembl.sh)
Submitted batch job 48078865 (run_compare.sh)
Submitted batch job 48078866 (run_log.sh)
Submitted batch job 48078868 (run_log.sh)
B107809_A20_S140
Submitted batch job 48078869 (run_class_input.sh)
Submitted batch job 48078871 (run_ensembl.sh)
Submitted batch job 48078872 (run_compare.sh)
Submitted batch job 48078873 (run_log.sh)
Submitted batch job 48078874 (run_log.sh)
B107809_A21_S141
Submitted batch job 48078876 (run_class_input.sh)
Submitted batch job 48078877 (run_ensembl.sh)
Submitted batch job 48078879 (run_compare.sh)
Submitted batch job 48078880 (run_log.sh)
Submitted batch job 48078881 (run_log.sh)
B107809_A22_S142
Submitted batch job 48078883 (run_class_input.sh)
Submitted batch job 48078884 (run_ensembl.sh)
Submitted batch job 48078885 (run_compare.sh)
Submitted batch job 48078887 (run_log.sh)
Submitted batch job 48078888 (run_log.sh)
B107809_A23_S143
Submitted batch job 48078889 (run_class_input.sh)
Submitted batch job 48078891 (run_ensembl.sh)
Submitted batch job 48078892 (run_compare.sh)
Submitted batch job 48078894 (run_log.sh)
Submitted batch job 48078895 (run_log.sh)
B107809_A2_S122
Submitted batch job 48078896 (run_class_input.sh)
Submitted batch job 48078898 (run_ensembl.sh)
Submitted batch job 48078899 (run_compare.sh)
Submitted batch job 48078900 (run_log.sh)
Submitted batch job 48078901 (run_log.sh)
B107809_A3_S123
Submitted batch job 48078902 (run_class_input.sh)
Submitted batch job 48078904 (run_ensembl.sh)
Submitted batch job 48078905 (run_compare.sh)
Submitted batch job 48078906 (run_log.sh)
Submitted batch job 48078907 (run_log.sh)
B107809_A4_S124
Submitted batch job 48078909 (run_class_input.sh)
Submitted batch job 48078910 (run_ensembl.sh)
Submitted batch job 48078911 (run_compare.sh)
Submitted batch job 48078912 (run_log.sh)
Submitted batch job 48078913 (run_log.sh)
B107809_A5_S125
Submitted batch job 48078915 (run_class_input.sh)
Submitted batch job 48078916 (run_ensembl.sh)
Submitted batch job 48078917 (run_compare.sh)
Submitted batch job 48078918 (run_log.sh)
Submitted batch job 48078919 (run_log.sh)
B107809_A6_S126
Submitted batch job 48078921 (run_class_input.sh)
Submitted batch job 48078922 (run_ensembl.sh)
Submitted batch job 48078923 (run_compare.sh)
Submitted batch job 48078924 (run_log.sh)
Submitted batch job 48078925 (run_log.sh)
B107809_A7_S127
Submitted batch job 48078926 (run_class_input.sh)
Submitted batch job 48078928 (run_ensembl.sh)
Submitted batch job 48078931 (run_compare.sh)
Submitted batch job 48078932 (run_log.sh)
Submitted batch job 48078933 (run_log.sh)
B107809_A8_S128
Submitted batch job 48078937 (run_class_input.sh)
Submitted batch job 48078939 (run_ensembl.sh)
Submitted batch job 48078940 (run_compare.sh)
Submitted batch job 48078941 (run_log.sh)
Submitted batch job 48078942 (run_log.sh)
B107809_A9_S129
Submitted batch job 48078944 (run_class_input.sh)
Submitted batch job 48078945 (run_ensembl.sh)
Submitted batch job 48078946 (run_compare.sh)
Submitted batch job 48078948 (run_log.sh)
Submitted batch job 48078949 (run_log.sh)
B107809_B10_S153
Submitted batch job 48078952 (run_class_input.sh)
Submitted batch job 48078954 (run_ensembl.sh)
Submitted batch job 48078957 (run_compare.sh)
Submitted batch job 48078958 (run_log.sh)
Submitted batch job 48078959 (run_log.sh)
B107809_B11_S154
Submitted batch job 48078961 (run_class_input.sh)
Submitted batch job 48078962 (run_ensembl.sh)
Submitted batch job 48078965 (run_compare.sh)
Submitted batch job 48078966 (run_log.sh)
Submitted batch job 48078967 (run_log.sh)
B107809_B12_S155
Submitted batch job 48078969 (run_class_input.sh)
Submitted batch job 48078970 (run_ensembl.sh)
Submitted batch job 48078973 (run_compare.sh)
Submitted batch job 48078974 (run_log.sh)
Submitted batch job 48078975 (run_log.sh)
B107809_B13_S156
Submitted batch job 48078977 (run_class_input.sh)
Submitted batch job 48078978 (run_ensembl.sh)
Submitted batch job 48078981 (run_compare.sh)
Submitted batch job 48078982 (run_log.sh)
Submitted batch job 48078983 (run_log.sh)
B107809_B14_S157
Submitted batch job 48078985 (run_class_input.sh)
Submitted batch job 48078986 (run_ensembl.sh)
Submitted batch job 48078988 (run_compare.sh)
Submitted batch job 48078990 (run_log.sh)
Submitted batch job 48078991 (run_log.sh)
B107809_B15_S158
Submitted batch job 48078996 (run_class_input.sh)
Submitted batch job 48078997 (run_ensembl.sh)
Submitted batch job 48078998 (run_compare.sh)
Submitted batch job 48079001 (run_log.sh)
Submitted batch job 48079003 (run_log.sh)
B107809_B16_S159
Submitted batch job 48079004 (run_class_input.sh)
Submitted batch job 48079006 (run_ensembl.sh)
Submitted batch job 48079007 (run_compare.sh)
Submitted batch job 48079009 (run_log.sh)
Submitted batch job 48079010 (run_log.sh)
B107809_B17_S160
Submitted batch job 48079012 (run_class_input.sh)
Submitted batch job 48079013 (run_ensembl.sh)
Submitted batch job 48079015 (run_compare.sh)
Submitted batch job 48079017 (run_log.sh)
Submitted batch job 48079018 (run_log.sh)
B107809_B18_S161
Submitted batch job 48079021 (run_class_input.sh)
Submitted batch job 48079024 (run_ensembl.sh)
Submitted batch job 48079025 (run_compare.sh)
Submitted batch job 48079026 (run_log.sh)
Submitted batch job 48079027 (run_log.sh)
B107809_B19_S162
Submitted batch job 48079029 (run_class_input.sh)
Submitted batch job 48079031 (run_ensembl.sh)
Submitted batch job 48079033 (run_compare.sh)
Submitted batch job 48079034 (run_log.sh)
Submitted batch job 48079035 (run_log.sh)
B107809_B1_S144
Submitted batch job 48079038 (run_class_input.sh)
Submitted batch job 48079040 (run_ensembl.sh)
Submitted batch job 48079041 (run_compare.sh)
Submitted batch job 48079044 (run_log.sh)
Submitted batch job 48079045 (run_log.sh)
B107809_B20_S163
Submitted batch job 48079047 (run_class_input.sh)
Submitted batch job 48079049 (run_ensembl.sh)
Submitted batch job 48079051 (run_compare.sh)
Submitted batch job 48079052 (run_log.sh)
Submitted batch job 48079053 (run_log.sh)
B107809_B21_S164
Submitted batch job 48079055 (run_class_input.sh)
Submitted batch job 48079057 (run_ensembl.sh)
Submitted batch job 48079058 (run_compare.sh)
Submitted batch job 48079059 (run_log.sh)
Submitted batch job 48079060 (run_log.sh)
B107809_B22_S165
Submitted batch job 48079062 (run_class_input.sh)
Submitted batch job 48079063 (run_ensembl.sh)
Submitted batch job 48079065 (run_compare.sh)
Submitted batch job 48079066 (run_log.sh)
Submitted batch job 48079067 (run_log.sh)
B107809_B23_S166
Submitted batch job 48079069 (run_class_input.sh)
Submitted batch job 48079070 (run_ensembl.sh)
Submitted batch job 48079071 (run_compare.sh)
Submitted batch job 48079073 (run_log.sh)
Submitted batch job 48079074 (run_log.sh)
B107809_B2_S145
Submitted batch job 48079077 (run_class_input.sh)
Submitted batch job 48079078 (run_ensembl.sh)
Submitted batch job 48079079 (run_compare.sh)
Submitted batch job 48079080 (run_log.sh)
Submitted batch job 48079081 (run_log.sh)
B107809_B3_S146
Submitted batch job 48079083 (run_class_input.sh)
Submitted batch job 48079084 (run_ensembl.sh)
Submitted batch job 48079085 (run_compare.sh)
Submitted batch job 48079086 (run_log.sh)
Submitted batch job 48079087 (run_log.sh)
B107809_B4_S147
Submitted batch job 48079088 (run_class_input.sh)
Submitted batch job 48079090 (run_ensembl.sh)
Submitted batch job 48079091 (run_compare.sh)
Submitted batch job 48079092 (run_log.sh)
Submitted batch job 48079094 (run_log.sh)
B107809_B5_S148
Submitted batch job 48079095 (run_class_input.sh)
Submitted batch job 48079096 (run_ensembl.sh)
Submitted batch job 48079097 (run_compare.sh)
Submitted batch job 48079100 (run_log.sh)
Submitted batch job 48079101 (run_log.sh)
B107809_B6_S149
Submitted batch job 48079103 (run_class_input.sh)
Submitted batch job 48079104 (run_ensembl.sh)
Submitted batch job 48079105 (run_compare.sh)
Submitted batch job 48079106 (run_log.sh)
Submitted batch job 48079108 (run_log.sh)
B107809_B7_S150
Submitted batch job 48079109 (run_class_input.sh)
Submitted batch job 48079111 (run_ensembl.sh)
Submitted batch job 48079112 (run_compare.sh)
Submitted batch job 48079113 (run_log.sh)
Submitted batch job 48079114 (run_log.sh)
B107809_B8_S151
Submitted batch job 48079115 (run_class_input.sh)
Submitted batch job 48079118 (run_ensembl.sh)
Submitted batch job 48079120 (run_compare.sh)
Submitted batch job 48079122 (run_log.sh)
Submitted batch job 48079124 (run_log.sh)
B107809_B9_S152
Submitted batch job 48079128 (run_class_input.sh)
Submitted batch job 48079129 (run_ensembl.sh)
Submitted batch job 48079131 (run_compare.sh)
Submitted batch job 48079134 (run_log.sh)
Submitted batch job 48079136 (run_log.sh)
B107809_C10_S176
Submitted batch job 48079137 (run_class_input.sh)
Submitted batch job 48079138 (run_ensembl.sh)
Submitted batch job 48079140 (run_compare.sh)
Submitted batch job 48079143 (run_log.sh)
Submitted batch job 48079145 (run_log.sh)
B107809_C11_S177
Submitted batch job 48079149 (run_class_input.sh)
Submitted batch job 48079151 (run_ensembl.sh)
Submitted batch job 48079153 (run_compare.sh)
Submitted batch job 48079154 (run_log.sh)
Submitted batch job 48079156 (run_log.sh)
B107809_C12_S178
Submitted batch job 48079159 (run_class_input.sh)
Submitted batch job 48079161 (run_ensembl.sh)
Submitted batch job 48079165 (run_compare.sh)
Submitted batch job 48079166 (run_log.sh)
Submitted batch job 48079167 (run_log.sh)
B107809_C13_S179
Submitted batch job 48079169 (run_class_input.sh)
Submitted batch job 48079170 (run_ensembl.sh)
Submitted batch job 48079171 (run_compare.sh)
Submitted batch job 48079172 (run_log.sh)
Submitted batch job 48079175 (run_log.sh)
B107809_C14_S180
Submitted batch job 48079176 (run_class_input.sh)
Submitted batch job 48079178 (run_ensembl.sh)
Submitted batch job 48079179 (run_compare.sh)
Submitted batch job 48079180 (run_log.sh)
Submitted batch job 48079182 (run_log.sh)
B107809_C15_S181
Submitted batch job 48079183 (run_class_input.sh)
Submitted batch job 48079184 (run_ensembl.sh)
Submitted batch job 48079186 (run_compare.sh)
Submitted batch job 48079187 (run_log.sh)
Submitted batch job 48079188 (run_log.sh)
B107809_C16_S182
Submitted batch job 48079191 (run_class_input.sh)
Submitted batch job 48079193 (run_ensembl.sh)
Submitted batch job 48079194 (run_compare.sh)
Submitted batch job 48079195 (run_log.sh)
Submitted batch job 48079197 (run_log.sh)
B107809_C17_S183
Submitted batch job 48079199 (run_class_input.sh)
Submitted batch job 48079200 (run_ensembl.sh)
Submitted batch job 48079202 (run_compare.sh)
Submitted batch job 48079203 (run_log.sh)
Submitted batch job 48079204 (run_log.sh)
B107809_C18_S184
Submitted batch job 48079206 (run_class_input.sh)
Submitted batch job 48079207 (run_ensembl.sh)
Submitted batch job 48079209 (run_compare.sh)
Submitted batch job 48079212 (run_log.sh)
Submitted batch job 48079213 (run_log.sh)
B107809_C19_S185
Submitted batch job 48079214 (run_class_input.sh)
Submitted batch job 48079216 (run_ensembl.sh)
Submitted batch job 48079217 (run_compare.sh)
Submitted batch job 48079218 (run_log.sh)
Submitted batch job 48079219 (run_log.sh)
B107809_C1_S167
Submitted batch job 48079221 (run_class_input.sh)
Submitted batch job 48079222 (run_ensembl.sh)
Submitted batch job 48079223 (run_compare.sh)
Submitted batch job 48079224 (run_log.sh)
Submitted batch job 48079225 (run_log.sh)
B107809_C20_S186
Submitted batch job 48079227 (run_class_input.sh)
Submitted batch job 48079228 (run_ensembl.sh)
Submitted batch job 48079229 (run_compare.sh)
Submitted batch job 48079230 (run_log.sh)
Submitted batch job 48079231 (run_log.sh)
B107809_C21_S187
Submitted batch job 48079233 (run_class_input.sh)
Submitted batch job 48079234 (run_ensembl.sh)
Submitted batch job 48079235 (run_compare.sh)
Submitted batch job 48079236 (run_log.sh)
Submitted batch job 48079237 (run_log.sh)
B107809_C22_S188
Submitted batch job 48079239 (run_class_input.sh)
Submitted batch job 48079241 (run_ensembl.sh)
Submitted batch job 48079242 (run_compare.sh)
Submitted batch job 48079243 (run_log.sh)
Submitted batch job 48079244 (run_log.sh)
B107809_C23_S189
Submitted batch job 48079246 (run_class_input.sh)
Submitted batch job 48079247 (run_ensembl.sh)
Submitted batch job 48079248 (run_compare.sh)
Submitted batch job 48079250 (run_log.sh)
Submitted batch job 48079251 (run_log.sh)
B107809_C2_S168
Submitted batch job 48079253 (run_class_input.sh)
Submitted batch job 48079254 (run_ensembl.sh)
Submitted batch job 48079255 (run_compare.sh)
Submitted batch job 48079257 (run_log.sh)
Submitted batch job 48079258 (run_log.sh)
B107809_C3_S169
Submitted batch job 48079262 (run_class_input.sh)
Submitted batch job 48079263 (run_ensembl.sh)
Submitted batch job 48079264 (run_compare.sh)
Submitted batch job 48079265 (run_log.sh)
Submitted batch job 48079266 (run_log.sh)
B107809_C4_S170
Submitted batch job 48079268 (run_class_input.sh)
Submitted batch job 48079270 (run_ensembl.sh)
Submitted batch job 48079272 (run_compare.sh)
Submitted batch job 48079273 (run_log.sh)
Submitted batch job 48079274 (run_log.sh)
B107809_C5_S171
Submitted batch job 48079275 (run_class_input.sh)
Submitted batch job 48079279 (run_ensembl.sh)
Submitted batch job 48079280 (run_compare.sh)
Submitted batch job 48079281 (run_log.sh)
Submitted batch job 48079282 (run_log.sh)
B107809_C6_S172
Submitted batch job 48079284 (run_class_input.sh)
Submitted batch job 48079285 (run_ensembl.sh)
Submitted batch job 48079287 (run_compare.sh)
Submitted batch job 48079288 (run_log.sh)
Submitted batch job 48079289 (run_log.sh)
B107809_C7_S173
Submitted batch job 48079291 (run_class_input.sh)
Submitted batch job 48079292 (run_ensembl.sh)
Submitted batch job 48079293 (run_compare.sh)
Submitted batch job 48079294 (run_log.sh)
Submitted batch job 48079295 (run_log.sh)
B107809_C9_S175
Submitted batch job 48079297 (run_class_input.sh)
Submitted batch job 48079298 (run_ensembl.sh)
Submitted batch job 48079299 (run_compare.sh)
Submitted batch job 48079300 (run_log.sh)
Submitted batch job 48079302 (run_log.sh)
B107809_D10_S199
Submitted batch job 48079303 (run_class_input.sh)
Submitted batch job 48079304 (run_ensembl.sh)
Submitted batch job 48079305 (run_compare.sh)
Submitted batch job 48079307 (run_log.sh)
Submitted batch job 48079308 (run_log.sh)
B107809_D11_S200
Submitted batch job 48079309 (run_class_input.sh)
Submitted batch job 48079311 (run_ensembl.sh)
Submitted batch job 48079312 (run_compare.sh)
Submitted batch job 48079313 (run_log.sh)
Submitted batch job 48079314 (run_log.sh)
B107809_D12_S201
Submitted batch job 48079317 (run_class_input.sh)
Submitted batch job 48079318 (run_ensembl.sh)
Submitted batch job 48079319 (run_compare.sh)
Submitted batch job 48079322 (run_log.sh)
Submitted batch job 48079325 (run_log.sh)
B107809_D13_S202
Submitted batch job 48079326 (run_class_input.sh)
Submitted batch job 48079327 (run_ensembl.sh)
Submitted batch job 48079328 (run_compare.sh)
Submitted batch job 48079329 (run_log.sh)
Submitted batch job 48079331 (run_log.sh)
B107809_D14_S203
Submitted batch job 48079333 (run_class_input.sh)
Submitted batch job 48079334 (run_ensembl.sh)
Submitted batch job 48079335 (run_compare.sh)
Submitted batch job 48079336 (run_log.sh)
Submitted batch job 48079337 (run_log.sh)
B107809_D15_S204
Submitted batch job 48079339 (run_class_input.sh)
Submitted batch job 48079340 (run_ensembl.sh)
Submitted batch job 48079342 (run_compare.sh)
Submitted batch job 48079344 (run_log.sh)
Submitted batch job 48079345 (run_log.sh)
B107809_D16_S205
Submitted batch job 48079346 (run_class_input.sh)
Submitted batch job 48079347 (run_ensembl.sh)
Submitted batch job 48079348 (run_compare.sh)
Submitted batch job 48079350 (run_log.sh)
Submitted batch job 48079351 (run_log.sh)
B107809_D17_S206
Submitted batch job 48079352 (run_class_input.sh)
Submitted batch job 48079353 (run_ensembl.sh)
Submitted batch job 48079354 (run_compare.sh)
Submitted batch job 48079356 (run_log.sh)
Submitted batch job 48079357 (run_log.sh)
B107809_D18_S207
Submitted batch job 48079359 (run_class_input.sh)
Submitted batch job 48079361 (run_ensembl.sh)
Submitted batch job 48079362 (run_compare.sh)
Submitted batch job 48079363 (run_log.sh)
Submitted batch job 48079364 (run_log.sh)
B107809_D19_S208
Submitted batch job 48079368 (run_class_input.sh)
Submitted batch job 48079369 (run_ensembl.sh)
Submitted batch job 48079370 (run_compare.sh)
Submitted batch job 48079371 (run_log.sh)
Submitted batch job 48079372 (run_log.sh)
B107809_D1_S190
Submitted batch job 48079374 (run_class_input.sh)
Submitted batch job 48079375 (run_ensembl.sh)
Submitted batch job 48079376 (run_compare.sh)
Submitted batch job 48079379 (run_log.sh)
Submitted batch job 48079380 (run_log.sh)
B107809_D20_S209
Submitted batch job 48079381 (run_class_input.sh)
Submitted batch job 48079383 (run_ensembl.sh)
Submitted batch job 48079384 (run_compare.sh)
Submitted batch job 48079385 (run_log.sh)
Submitted batch job 48079386 (run_log.sh)
B107809_D21_S210
Submitted batch job 48079388 (run_class_input.sh)
Submitted batch job 48079389 (run_ensembl.sh)
Submitted batch job 48079390 (run_compare.sh)
Submitted batch job 48079391 (run_log.sh)
Submitted batch job 48079392 (run_log.sh)
B107809_D22_S211
Submitted batch job 48079393 (run_class_input.sh)
Submitted batch job 48079394 (run_ensembl.sh)
Submitted batch job 48079396 (run_compare.sh)
Submitted batch job 48079397 (run_log.sh)
Submitted batch job 48079398 (run_log.sh)
B107809_D23_S212
Submitted batch job 48079399 (run_class_input.sh)
Submitted batch job 48079401 (run_ensembl.sh)
Submitted batch job 48079402 (run_compare.sh)
Submitted batch job 48079403 (run_log.sh)
Submitted batch job 48079404 (run_log.sh)
B107809_D2_S191
Submitted batch job 48079405 (run_class_input.sh)
Submitted batch job 48079407 (run_ensembl.sh)
Submitted batch job 48079408 (run_compare.sh)
Submitted batch job 48079409 (run_log.sh)
Submitted batch job 48079410 (run_log.sh)
B107809_D3_S192
Submitted batch job 48079412 (run_class_input.sh)
Submitted batch job 48079413 (run_ensembl.sh)
Submitted batch job 48079414 (run_compare.sh)
Submitted batch job 48079415 (run_log.sh)
Submitted batch job 48079416 (run_log.sh)
B107809_D4_S193
Submitted batch job 48079418 (run_class_input.sh)
Submitted batch job 48079419 (run_ensembl.sh)
Submitted batch job 48079420 (run_compare.sh)
Submitted batch job 48079421 (run_log.sh)
Submitted batch job 48079422 (run_log.sh)
B107809_D5_S194
Submitted batch job 48079424 (run_class_input.sh)
Submitted batch job 48079425 (run_ensembl.sh)
Submitted batch job 48079426 (run_compare.sh)
Submitted batch job 48079427 (run_log.sh)
Submitted batch job 48079429 (run_log.sh)
B107809_D6_S195
Submitted batch job 48079430 (run_class_input.sh)
Submitted batch job 48079432 (run_ensembl.sh)
Submitted batch job 48079433 (run_compare.sh)
Submitted batch job 48079434 (run_log.sh)
Submitted batch job 48079436 (run_log.sh)
B107809_D7_S196
Submitted batch job 48079437 (run_class_input.sh)
Submitted batch job 48079438 (run_ensembl.sh)
Submitted batch job 48079440 (run_compare.sh)
Submitted batch job 48079441 (run_log.sh)
Submitted batch job 48079443 (run_log.sh)
B107809_D8_S197
Submitted batch job 48079444 (run_class_input.sh)
Submitted batch job 48079447 (run_ensembl.sh)
Submitted batch job 48079448 (run_compare.sh)
Submitted batch job 48079449 (run_log.sh)
Submitted batch job 48079451 (run_log.sh)
B107809_D9_S198
Submitted batch job 48079452 (run_class_input.sh)
Submitted batch job 48079453 (run_ensembl.sh)
Submitted batch job 48079455 (run_compare.sh)
Submitted batch job 48079458 (run_log.sh)
Submitted batch job 48079459 (run_log.sh)
B107809_E10_S222
Submitted batch job 48079460 (run_class_input.sh)
Submitted batch job 48079461 (run_ensembl.sh)
Submitted batch job 48079462 (run_compare.sh)
Submitted batch job 48079464 (run_log.sh)
Submitted batch job 48079465 (run_log.sh)
B107809_E11_S223
Submitted batch job 48079467 (run_class_input.sh)
Submitted batch job 48079468 (run_ensembl.sh)
Submitted batch job 48079469 (run_compare.sh)
Submitted batch job 48079470 (run_log.sh)
Submitted batch job 48079472 (run_log.sh)
B107809_E12_S224
Submitted batch job 48079474 (run_class_input.sh)
Submitted batch job 48079475 (run_ensembl.sh)
Submitted batch job 48079476 (run_compare.sh)
Submitted batch job 48079478 (run_log.sh)
Submitted batch job 48079479 (run_log.sh)
B107809_E13_S225
Submitted batch job 48079480 (run_class_input.sh)
Submitted batch job 48079482 (run_ensembl.sh)
Submitted batch job 48079483 (run_compare.sh)
Submitted batch job 48079485 (run_log.sh)
Submitted batch job 48079488 (run_log.sh)
B107809_E14_S226
Submitted batch job 48079492 (run_class_input.sh)
Submitted batch job 48079494 (run_ensembl.sh)
Submitted batch job 48079495 (run_compare.sh)
Submitted batch job 48079496 (run_log.sh)
Submitted batch job 48079500 (run_log.sh)
B107809_E15_S227
Submitted batch job 48079501 (run_class_input.sh)
Submitted batch job 48079502 (run_ensembl.sh)
Submitted batch job 48079504 (run_compare.sh)
Submitted batch job 48079505 (run_log.sh)
Submitted batch job 48079506 (run_log.sh)
B107809_E16_S228
Submitted batch job 48079508 (run_class_input.sh)
Submitted batch job 48079509 (run_ensembl.sh)
Submitted batch job 48079510 (run_compare.sh)
Submitted batch job 48079511 (run_log.sh)
Submitted batch job 48079512 (run_log.sh)
B107809_E17_S229
Submitted batch job 48079514 (run_class_input.sh)
Submitted batch job 48079516 (run_ensembl.sh)
Submitted batch job 48079517 (run_compare.sh)
Submitted batch job 48079518 (run_log.sh)
Submitted batch job 48079519 (run_log.sh)
B107809_E18_S230
Submitted batch job 48079521 (run_class_input.sh)
Submitted batch job 48079522 (run_ensembl.sh)
Submitted batch job 48079523 (run_compare.sh)
Submitted batch job 48079524 (run_log.sh)
Submitted batch job 48079525 (run_log.sh)
B107809_E19_S231
Submitted batch job 48079527 (run_class_input.sh)
Submitted batch job 48079528 (run_ensembl.sh)
Submitted batch job 48079529 (run_compare.sh)
Submitted batch job 48079530 (run_log.sh)
Submitted batch job 48079531 (run_log.sh)
B107809_E1_S213
Submitted batch job 48079532 (run_class_input.sh)
Submitted batch job 48079533 (run_ensembl.sh)
Submitted batch job 48079535 (run_compare.sh)
Submitted batch job 48079536 (run_log.sh)
Submitted batch job 48079537 (run_log.sh)
B107809_E20_S232
Submitted batch job 48079538 (run_class_input.sh)
Submitted batch job 48079540 (run_ensembl.sh)
Submitted batch job 48079541 (run_compare.sh)
Submitted batch job 48079542 (run_log.sh)
Submitted batch job 48079543 (run_log.sh)
B107809_E21_S233
Submitted batch job 48079546 (run_class_input.sh)
Submitted batch job 48079548 (run_ensembl.sh)
Submitted batch job 48079549 (run_compare.sh)
Submitted batch job 48079550 (run_log.sh)
Submitted batch job 48079551 (run_log.sh)
B107809_E22_S234
Submitted batch job 48079553 (run_class_input.sh)
Submitted batch job 48079554 (run_ensembl.sh)
Submitted batch job 48079556 (run_compare.sh)
Submitted batch job 48079557 (run_log.sh)
Submitted batch job 48079558 (run_log.sh)
B107809_E23_S235
Submitted batch job 48079559 (run_class_input.sh)
Submitted batch job 48079560 (run_ensembl.sh)
Submitted batch job 48079561 (run_compare.sh)
Submitted batch job 48079562 (run_log.sh)
Submitted batch job 48079564 (run_log.sh)
B107809_E2_S214
Submitted batch job 48079565 (run_class_input.sh)
Submitted batch job 48079566 (run_ensembl.sh)
Submitted batch job 48079567 (run_compare.sh)
Submitted batch job 48079569 (run_log.sh)
Submitted batch job 48079570 (run_log.sh)
B107809_E3_S215
Submitted batch job 48079571 (run_class_input.sh)
Submitted batch job 48079573 (run_ensembl.sh)
Submitted batch job 48079574 (run_compare.sh)
Submitted batch job 48079575 (run_log.sh)
Submitted batch job 48079576 (run_log.sh)
B107809_E4_S216
Submitted batch job 48079578 (run_class_input.sh)
Submitted batch job 48079579 (run_ensembl.sh)
Submitted batch job 48079580 (run_compare.sh)
Submitted batch job 48079581 (run_log.sh)
Submitted batch job 48079582 (run_log.sh)
B107809_E5_S217
Submitted batch job 48079584 (run_class_input.sh)
Submitted batch job 48079585 (run_ensembl.sh)
Submitted batch job 48079586 (run_compare.sh)
Submitted batch job 48079588 (run_log.sh)
Submitted batch job 48079589 (run_log.sh)
B107809_E6_S218
Submitted batch job 48079590 (run_class_input.sh)
Submitted batch job 48079591 (run_ensembl.sh)
Submitted batch job 48079593 (run_compare.sh)
Submitted batch job 48079594 (run_log.sh)
Submitted batch job 48079595 (run_log.sh)
B107809_E7_S219
Submitted batch job 48079597 (run_class_input.sh)
Submitted batch job 48079598 (run_ensembl.sh)
Submitted batch job 48079600 (run_compare.sh)
Submitted batch job 48079601 (run_log.sh)
Submitted batch job 48079602 (run_log.sh)
B107809_E8_S220
Submitted batch job 48079604 (run_class_input.sh)
Submitted batch job 48079605 (run_ensembl.sh)
Submitted batch job 48079607 (run_compare.sh)
Submitted batch job 48079609 (run_log.sh)
Submitted batch job 48079610 (run_log.sh)
B107809_E9_S221
Submitted batch job 48079611 (run_class_input.sh)
Submitted batch job 48079612 (run_ensembl.sh)
Submitted batch job 48079614 (run_compare.sh)
Submitted batch job 48079617 (run_log.sh)
Submitted batch job 48079619 (run_log.sh)
B107809_F10_S245
Submitted batch job 48079622 (run_class_input.sh)
Submitted batch job 48079624 (run_ensembl.sh)
Submitted batch job 48079627 (run_compare.sh)
Submitted batch job 48079629 (run_log.sh)
Submitted batch job 48079631 (run_log.sh)
B107809_F11_S246
Submitted batch job 48079636 (run_class_input.sh)
Submitted batch job 48079644 (run_ensembl.sh)
Submitted batch job 48079645 (run_compare.sh)
Submitted batch job 48079646 (run_log.sh)
Submitted batch job 48079647 (run_log.sh)
B107809_F12_S247
Submitted batch job 48079649 (run_class_input.sh)
Submitted batch job 48079650 (run_ensembl.sh)
Submitted batch job 48079651 (run_compare.sh)
Submitted batch job 48079655 (run_log.sh)
Submitted batch job 48079656 (run_log.sh)
B107809_F13_S248
Submitted batch job 48079658 (run_class_input.sh)
Submitted batch job 48079659 (run_ensembl.sh)
Submitted batch job 48079660 (run_compare.sh)
Submitted batch job 48079661 (run_log.sh)
Submitted batch job 48079663 (run_log.sh)
B107809_F14_S249
Submitted batch job 48079664 (run_class_input.sh)
Submitted batch job 48079665 (run_ensembl.sh)
Submitted batch job 48079667 (run_compare.sh)
Submitted batch job 48079668 (run_log.sh)
Submitted batch job 48079669 (run_log.sh)
B107809_F15_S250
Submitted batch job 48079670 (run_class_input.sh)
Submitted batch job 48079672 (run_ensembl.sh)
Submitted batch job 48079673 (run_compare.sh)
Submitted batch job 48079674 (run_log.sh)
Submitted batch job 48079675 (run_log.sh)
B107809_F16_S251
Submitted batch job 48079677 (run_class_input.sh)
Submitted batch job 48079678 (run_ensembl.sh)
Submitted batch job 48079679 (run_compare.sh)
Submitted batch job 48079680 (run_log.sh)
Submitted batch job 48079681 (run_log.sh)
B107809_F17_S252
Submitted batch job 48079683 (run_class_input.sh)
Submitted batch job 48079684 (run_ensembl.sh)
Submitted batch job 48079685 (run_compare.sh)
Submitted batch job 48079686 (run_log.sh)
Submitted batch job 48079687 (run_log.sh)
B107809_F18_S253
Submitted batch job 48079689 (run_class_input.sh)
Submitted batch job 48079690 (run_ensembl.sh)
Submitted batch job 48079691 (run_compare.sh)
Submitted batch job 48079692 (run_log.sh)
Submitted batch job 48079693 (run_log.sh)
B107809_F19_S254
Submitted batch job 48079695 (run_class_input.sh)
Submitted batch job 48079696 (run_ensembl.sh)
Submitted batch job 48079697 (run_compare.sh)
Submitted batch job 48079699 (run_log.sh)
Submitted batch job 48079700 (run_log.sh)
B107809_F1_S236
Submitted batch job 48079701 (run_class_input.sh)
Submitted batch job 48079703 (run_ensembl.sh)
Submitted batch job 48079704 (run_compare.sh)
Submitted batch job 48079705 (run_log.sh)
Submitted batch job 48079706 (run_log.sh)
B107809_F20_S255
Submitted batch job 48079708 (run_class_input.sh)
Submitted batch job 48079709 (run_ensembl.sh)
Submitted batch job 48079710 (run_compare.sh)
Submitted batch job 48079711 (run_log.sh)
Submitted batch job 48079713 (run_log.sh)
B107809_F21_S256
Submitted batch job 48079715 (run_class_input.sh)
Submitted batch job 48079716 (run_ensembl.sh)
Submitted batch job 48079717 (run_compare.sh)
Submitted batch job 48079719 (run_log.sh)
Submitted batch job 48079720 (run_log.sh)
B107809_F22_S257
Submitted batch job 48079722 (run_class_input.sh)
Submitted batch job 48079723 (run_ensembl.sh)
Submitted batch job 48079724 (run_compare.sh)
Submitted batch job 48079725 (run_log.sh)
Submitted batch job 48079726 (run_log.sh)
B107809_F23_S258
Submitted batch job 48079728 (run_class_input.sh)
Submitted batch job 48079729 (run_ensembl.sh)
Submitted batch job 48079730 (run_compare.sh)
Submitted batch job 48079731 (run_log.sh)
Submitted batch job 48079732 (run_log.sh)
B107809_F2_S237
Submitted batch job 48079733 (run_class_input.sh)
Submitted batch job 48079734 (run_ensembl.sh)
Submitted batch job 48079736 (run_compare.sh)
Submitted batch job 48079737 (run_log.sh)
Submitted batch job 48079738 (run_log.sh)
B107809_F3_S238
Submitted batch job 48079740 (run_class_input.sh)
Submitted batch job 48079741 (run_ensembl.sh)
Submitted batch job 48079742 (run_compare.sh)
Submitted batch job 48079743 (run_log.sh)
Submitted batch job 48079744 (run_log.sh)
B107809_F4_S239
Submitted batch job 48079746 (run_class_input.sh)
Submitted batch job 48079747 (run_ensembl.sh)
Submitted batch job 48079748 (run_compare.sh)
Submitted batch job 48079749 (run_log.sh)
Submitted batch job 48079751 (run_log.sh)
B107809_F5_S240
Submitted batch job 48079755 (run_class_input.sh)
Submitted batch job 48079756 (run_ensembl.sh)
Submitted batch job 48079757 (run_compare.sh)
Submitted batch job 48079758 (run_log.sh)
Submitted batch job 48079759 (run_log.sh)
B107809_F6_S241
Submitted batch job 48079761 (run_class_input.sh)
Submitted batch job 48079763 (run_ensembl.sh)
Submitted batch job 48079764 (run_compare.sh)
Submitted batch job 48079765 (run_log.sh)
Submitted batch job 48079766 (run_log.sh)
B107809_F7_S242
Submitted batch job 48079767 (run_class_input.sh)
Submitted batch job 48079769 (run_ensembl.sh)
Submitted batch job 48079770 (run_compare.sh)
Submitted batch job 48079771 (run_log.sh)
Submitted batch job 48079772 (run_log.sh)
B107809_F8_S243
Submitted batch job 48079775 (run_class_input.sh)
Submitted batch job 48079776 (run_ensembl.sh)
Submitted batch job 48079778 (run_compare.sh)
Submitted batch job 48079779 (run_log.sh)
Submitted batch job 48079780 (run_log.sh)
B107809_F9_S244
Submitted batch job 48079783 (run_class_input.sh)
Submitted batch job 48079784 (run_ensembl.sh)
Submitted batch job 48079785 (run_compare.sh)
Submitted batch job 48079786 (run_log.sh)
Submitted batch job 48079787 (run_log.sh)
B107809_G10_S268
Submitted batch job 48079789 (run_class_input.sh)
Submitted batch job 48079790 (run_ensembl.sh)
Submitted batch job 48079791 (run_compare.sh)
Submitted batch job 48079793 (run_log.sh)
Submitted batch job 48079794 (run_log.sh)
B107809_G11_S269
Submitted batch job 48079796 (run_class_input.sh)
Submitted batch job 48079798 (run_ensembl.sh)
Submitted batch job 48079800 (run_compare.sh)
Submitted batch job 48079801 (run_log.sh)
Submitted batch job 48079802 (run_log.sh)
B107809_G12_S270
Submitted batch job 48079804 (run_class_input.sh)
Submitted batch job 48079806 (run_ensembl.sh)
Submitted batch job 48079807 (run_compare.sh)
Submitted batch job 48079808 (run_log.sh)
Submitted batch job 48079809 (run_log.sh)
B107809_G13_S271
Submitted batch job 48079813 (run_class_input.sh)
Submitted batch job 48079814 (run_ensembl.sh)
Submitted batch job 48079816 (run_compare.sh)
Submitted batch job 48079817 (run_log.sh)
Submitted batch job 48079818 (run_log.sh)
B107809_G14_S272
Submitted batch job 48079820 (run_class_input.sh)
Submitted batch job 48079821 (run_ensembl.sh)
Submitted batch job 48079822 (run_compare.sh)
Submitted batch job 48079823 (run_log.sh)
Submitted batch job 48079824 (run_log.sh)
B107809_G15_S273
Submitted batch job 48079826 (run_class_input.sh)
Submitted batch job 48079827 (run_ensembl.sh)
Submitted batch job 48079828 (run_compare.sh)
Submitted batch job 48079830 (run_log.sh)
Submitted batch job 48079831 (run_log.sh)
B107809_G16_S274
Submitted batch job 48079833 (run_class_input.sh)
Submitted batch job 48079834 (run_ensembl.sh)
Submitted batch job 48079835 (run_compare.sh)
Submitted batch job 48079836 (run_log.sh)
Submitted batch job 48079837 (run_log.sh)
B107809_G17_S275
Submitted batch job 48079839 (run_class_input.sh)
Submitted batch job 48079840 (run_ensembl.sh)
Submitted batch job 48079841 (run_compare.sh)
Submitted batch job 48079842 (run_log.sh)
Submitted batch job 48079844 (run_log.sh)
B107809_G18_S276
Submitted batch job 48079845 (run_class_input.sh)
Submitted batch job 48079848 (run_ensembl.sh)
Submitted batch job 48079849 (run_compare.sh)
Submitted batch job 48079850 (run_log.sh)
Submitted batch job 48079851 (run_log.sh)
B107809_G19_S277
Submitted batch job 48079853 (run_class_input.sh)
Submitted batch job 48079854 (run_ensembl.sh)
Submitted batch job 48079855 (run_compare.sh)
Submitted batch job 48079857 (run_log.sh)
Submitted batch job 48079858 (run_log.sh)
B107809_G1_S259
Submitted batch job 48079859 (run_class_input.sh)
Submitted batch job 48079861 (run_ensembl.sh)
Submitted batch job 48079864 (run_compare.sh)
Submitted batch job 48079865 (run_log.sh)
Submitted batch job 48079866 (run_log.sh)
B107809_G20_S278
Submitted batch job 48079870 (run_class_input.sh)
Submitted batch job 48079873 (run_ensembl.sh)
Submitted batch job 48079881 (run_compare.sh)
Submitted batch job 48079886 (run_log.sh)
Submitted batch job 48079887 (run_log.sh)
B107809_G21_S279
Submitted batch job 48079888 (run_class_input.sh)
Submitted batch job 48079889 (run_ensembl.sh)
Submitted batch job 48079890 (run_compare.sh)
Submitted batch job 48079893 (run_log.sh)
Submitted batch job 48079894 (run_log.sh)
B107809_G22_S280
Submitted batch job 48079896 (run_class_input.sh)
Submitted batch job 48079898 (run_ensembl.sh)
Submitted batch job 48079899 (run_compare.sh)
Submitted batch job 48079900 (run_log.sh)
Submitted batch job 48079901 (run_log.sh)
B107809_G23_S281
Submitted batch job 48079909 (run_class_input.sh)
Submitted batch job 48079910 (run_ensembl.sh)
Submitted batch job 48079911 (run_compare.sh)
Submitted batch job 48079912 (run_log.sh)
Submitted batch job 48079914 (run_log.sh)
B107809_G2_S260
Submitted batch job 48079918 (run_class_input.sh)
Submitted batch job 48079919 (run_ensembl.sh)
Submitted batch job 48079920 (run_compare.sh)
Submitted batch job 48079922 (run_log.sh)
Submitted batch job 48079923 (run_log.sh)
B107809_G3_S261
Submitted batch job 48079926 (run_class_input.sh)
Submitted batch job 48079929 (run_ensembl.sh)
Submitted batch job 48079930 (run_compare.sh)
Submitted batch job 48079931 (run_log.sh)
Submitted batch job 48079933 (run_log.sh)
B107809_G4_S262
Submitted batch job 48079938 (run_class_input.sh)
Submitted batch job 48079939 (run_ensembl.sh)
Submitted batch job 48079940 (run_compare.sh)
Submitted batch job 48079943 (run_log.sh)
Submitted batch job 48079945 (run_log.sh)
B107809_G5_S263
Submitted batch job 48079946 (run_class_input.sh)
Submitted batch job 48079948 (run_ensembl.sh)
Submitted batch job 48079949 (run_compare.sh)
Submitted batch job 48079950 (run_log.sh)
Submitted batch job 48079952 (run_log.sh)
B107809_G6_S264
Submitted batch job 48079954 (run_class_input.sh)
Submitted batch job 48079955 (run_ensembl.sh)
Submitted batch job 48079956 (run_compare.sh)
Submitted batch job 48079957 (run_log.sh)
Submitted batch job 48079960 (run_log.sh)
B107809_G7_S265
Submitted batch job 48079961 (run_class_input.sh)
Submitted batch job 48079962 (run_ensembl.sh)
Submitted batch job 48079963 (run_compare.sh)
Submitted batch job 48079966 (run_log.sh)
Submitted batch job 48079967 (run_log.sh)
B107809_G8_S266
Submitted batch job 48079968 (run_class_input.sh)
Submitted batch job 48079969 (run_ensembl.sh)
Submitted batch job 48079972 (run_compare.sh)
Submitted batch job 48079973 (run_log.sh)
Submitted batch job 48079974 (run_log.sh)
B107809_G9_S267
Submitted batch job 48079980 (run_class_input.sh)
Submitted batch job 48079981 (run_ensembl.sh)
Submitted batch job 48079982 (run_compare.sh)
Submitted batch job 48079983 (run_log.sh)
Submitted batch job 48079984 (run_log.sh)
B107809_H10_S291
Submitted batch job 48079986 (run_class_input.sh)
Submitted batch job 48079987 (run_ensembl.sh)
Submitted batch job 48079988 (run_compare.sh)
Submitted batch job 48079990 (run_log.sh)
Submitted batch job 48079991 (run_log.sh)
B107809_H11_S292
Submitted batch job 48079993 (run_class_input.sh)
Submitted batch job 48079995 (run_ensembl.sh)
Submitted batch job 48079996 (run_compare.sh)
Submitted batch job 48079997 (run_log.sh)
Submitted batch job 48079998 (run_log.sh)
B107809_H12_S293
Submitted batch job 48080000 (run_class_input.sh)
Submitted batch job 48080001 (run_ensembl.sh)
Submitted batch job 48080003 (run_compare.sh)
Submitted batch job 48080004 (run_log.sh)
Submitted batch job 48080005 (run_log.sh)
B107809_H13_S294
Submitted batch job 48080007 (run_class_input.sh)
Submitted batch job 48080008 (run_ensembl.sh)
Submitted batch job 48080012 (run_compare.sh)
Submitted batch job 48080014 (run_log.sh)
Submitted batch job 48080015 (run_log.sh)
B107809_H14_S295
Submitted batch job 48080016 (run_class_input.sh)
Submitted batch job 48080017 (run_ensembl.sh)
Submitted batch job 48080018 (run_compare.sh)
Submitted batch job 48080019 (run_log.sh)
Submitted batch job 48080020 (run_log.sh)
B107809_H15_S296
Submitted batch job 48080021 (run_class_input.sh)
Submitted batch job 48080022 (run_ensembl.sh)
Submitted batch job 48080024 (run_compare.sh)
Submitted batch job 48080025 (run_log.sh)
Submitted batch job 48080026 (run_log.sh)
B107809_H16_S297
Submitted batch job 48080028 (run_class_input.sh)
Submitted batch job 48080029 (run_ensembl.sh)
Submitted batch job 48080030 (run_compare.sh)
Submitted batch job 48080031 (run_log.sh)
Submitted batch job 48080032 (run_log.sh)
B107809_H17_S298
Submitted batch job 48080034 (run_class_input.sh)
Submitted batch job 48080035 (run_ensembl.sh)
Submitted batch job 48080036 (run_compare.sh)
Submitted batch job 48080037 (run_log.sh)
Submitted batch job 48080038 (run_log.sh)
B107809_H18_S299
Submitted batch job 48080040 (run_class_input.sh)
Submitted batch job 48080041 (run_ensembl.sh)
Submitted batch job 48080042 (run_compare.sh)
Submitted batch job 48080043 (run_log.sh)
Submitted batch job 48080044 (run_log.sh)
B107809_H19_S300
Submitted batch job 48080046 (run_class_input.sh)
Submitted batch job 48080047 (run_ensembl.sh)
Submitted batch job 48080048 (run_compare.sh)
Submitted batch job 48080050 (run_log.sh)
Submitted batch job 48080051 (run_log.sh)
B107809_H1_S282
Submitted batch job 48080053 (run_class_input.sh)
Submitted batch job 48080054 (run_ensembl.sh)
Submitted batch job 48080055 (run_compare.sh)
Submitted batch job 48080056 (run_log.sh)
Submitted batch job 48080058 (run_log.sh)
B107809_H20_S1
Submitted batch job 48080059 (run_class_input.sh)
Submitted batch job 48080060 (run_ensembl.sh)
Submitted batch job 48080062 (run_compare.sh)
Submitted batch job 48080064 (run_log.sh)
Submitted batch job 48080065 (run_log.sh)
B107809_H21_S2
Submitted batch job 48080066 (run_class_input.sh)
Submitted batch job 48080068 (run_ensembl.sh)
Submitted batch job 48080069 (run_compare.sh)
Submitted batch job 48080070 (run_log.sh)
Submitted batch job 48080073 (run_log.sh)
B107809_H22_S3
Submitted batch job 48080074 (run_class_input.sh)
Submitted batch job 48080075 (run_ensembl.sh)
Submitted batch job 48080076 (run_compare.sh)
Submitted batch job 48080078 (run_log.sh)
Submitted batch job 48080079 (run_log.sh)
B107809_H23_S4
Submitted batch job 48080080 (run_class_input.sh)
Submitted batch job 48080081 (run_ensembl.sh)
Submitted batch job 48080084 (run_compare.sh)
Submitted batch job 48080086 (run_log.sh)
Submitted batch job 48080087 (run_log.sh)
B107809_H2_S283
Submitted batch job 48080091 (run_class_input.sh)
Submitted batch job 48080092 (run_ensembl.sh)
Submitted batch job 48080093 (run_compare.sh)
Submitted batch job 48080094 (run_log.sh)
Submitted batch job 48080096 (run_log.sh)
B107809_H3_S284
Submitted batch job 48080097 (run_class_input.sh)
Submitted batch job 48080098 (run_ensembl.sh)
Submitted batch job 48080099 (run_compare.sh)
Submitted batch job 48080101 (run_log.sh)
Submitted batch job 48080102 (run_log.sh)
B107809_H4_S285
Submitted batch job 48080103 (run_class_input.sh)
Submitted batch job 48080105 (run_ensembl.sh)
Submitted batch job 48080106 (run_compare.sh)
Submitted batch job 48080107 (run_log.sh)
Submitted batch job 48080108 (run_log.sh)
B107809_H5_S286
Submitted batch job 48080111 (run_class_input.sh)
Submitted batch job 48080112 (run_ensembl.sh)
Submitted batch job 48080113 (run_compare.sh)
Submitted batch job 48080114 (run_log.sh)
Submitted batch job 48080115 (run_log.sh)
B107809_H6_S287
Submitted batch job 48080117 (run_class_input.sh)
Submitted batch job 48080119 (run_ensembl.sh)
Submitted batch job 48080120 (run_compare.sh)
Submitted batch job 48080121 (run_log.sh)
Submitted batch job 48080122 (run_log.sh)
B107809_H7_S288
Submitted batch job 48080124 (run_class_input.sh)
Submitted batch job 48080125 (run_ensembl.sh)
Submitted batch job 48080126 (run_compare.sh)
Submitted batch job 48080127 (run_log.sh)
Submitted batch job 48080130 (run_log.sh)
B107809_H8_S289
Submitted batch job 48080131 (run_class_input.sh)
Submitted batch job 48080132 (run_ensembl.sh)
Submitted batch job 48080134 (run_compare.sh)
Submitted batch job 48080135 (run_log.sh)
Submitted batch job 48080139 (run_log.sh)
B107809_H9_S290
Submitted batch job 48080140 (run_class_input.sh)
Submitted batch job 48080142 (run_ensembl.sh)
Submitted batch job 48080143 (run_compare.sh)
Submitted batch job 48080144 (run_log.sh)
Submitted batch job 48080147 (run_log.sh)
B107809_I10_S14
Submitted batch job 48080148 (run_class_input.sh)
Submitted batch job 48080149 (run_ensembl.sh)
Submitted batch job 48080150 (run_compare.sh)
Submitted batch job 48080151 (run_log.sh)
Submitted batch job 48080153 (run_log.sh)
B107809_I11_S15
Submitted batch job 48080155 (run_class_input.sh)
Submitted batch job 48080156 (run_ensembl.sh)
Submitted batch job 48080158 (run_compare.sh)
Submitted batch job 48080159 (run_log.sh)
Submitted batch job 48080160 (run_log.sh)
B107809_I12_S16
Submitted batch job 48080163 (run_class_input.sh)
Submitted batch job 48080164 (run_ensembl.sh)
Submitted batch job 48080165 (run_compare.sh)
Submitted batch job 48080166 (run_log.sh)
Submitted batch job 48080168 (run_log.sh)
B107809_I13_S17
Submitted batch job 48080170 (run_class_input.sh)
Submitted batch job 48080172 (run_ensembl.sh)
Submitted batch job 48080173 (run_compare.sh)
Submitted batch job 48080175 (run_log.sh)
Submitted batch job 48080176 (run_log.sh)
B107809_I14_S18
Submitted batch job 48080179 (run_class_input.sh)
Submitted batch job 48080180 (run_ensembl.sh)
Submitted batch job 48080181 (run_compare.sh)
Submitted batch job 48080182 (run_log.sh)
Submitted batch job 48080183 (run_log.sh)
B107809_I15_S19
Submitted batch job 48080185 (run_class_input.sh)
Submitted batch job 48080187 (run_ensembl.sh)
Submitted batch job 48080189 (run_compare.sh)
Submitted batch job 48080190 (run_log.sh)
Submitted batch job 48080191 (run_log.sh)
B107809_I16_S20
Submitted batch job 48080194 (run_class_input.sh)
Submitted batch job 48080195 (run_ensembl.sh)
Submitted batch job 48080196 (run_compare.sh)
Submitted batch job 48080197 (run_log.sh)
Submitted batch job 48080198 (run_log.sh)
B107809_I17_S21
Submitted batch job 48080201 (run_class_input.sh)
Submitted batch job 48080202 (run_ensembl.sh)
Submitted batch job 48080203 (run_compare.sh)
Submitted batch job 48080206 (run_log.sh)
Submitted batch job 48080207 (run_log.sh)
B107809_I18_S22
Submitted batch job 48080208 (run_class_input.sh)
Submitted batch job 48080209 (run_ensembl.sh)
Submitted batch job 48080212 (run_compare.sh)
Submitted batch job 48080213 (run_log.sh)
Submitted batch job 48080216 (run_log.sh)
B107809_I19_S23
Submitted batch job 48080219 (run_class_input.sh)
Submitted batch job 48080220 (run_ensembl.sh)
Submitted batch job 48080221 (run_compare.sh)
Submitted batch job 48080222 (run_log.sh)
Submitted batch job 48080223 (run_log.sh)
B107809_I1_S5
Submitted batch job 48080225 (run_class_input.sh)
Submitted batch job 48080229 (run_ensembl.sh)
Submitted batch job 48080230 (run_compare.sh)
Submitted batch job 48080231 (run_log.sh)
Submitted batch job 48080234 (run_log.sh)
B107809_I20_S24
Submitted batch job 48080235 (run_class_input.sh)
Submitted batch job 48080236 (run_ensembl.sh)
Submitted batch job 48080238 (run_compare.sh)
Submitted batch job 48080239 (run_log.sh)
Submitted batch job 48080240 (run_log.sh)
B107809_I21_S25
Submitted batch job 48080243 (run_class_input.sh)
Submitted batch job 48080244 (run_ensembl.sh)
Submitted batch job 48080245 (run_compare.sh)
Submitted batch job 48080246 (run_log.sh)
Submitted batch job 48080248 (run_log.sh)
B107809_I22_S26
Submitted batch job 48080250 (run_class_input.sh)
Submitted batch job 48080251 (run_ensembl.sh)
Submitted batch job 48080253 (run_compare.sh)
Submitted batch job 48080256 (run_log.sh)
Submitted batch job 48080257 (run_log.sh)
B107809_I23_S27
Submitted batch job 48080258 (run_class_input.sh)
Submitted batch job 48080261 (run_ensembl.sh)
Submitted batch job 48080262 (run_compare.sh)
Submitted batch job 48080263 (run_log.sh)
Submitted batch job 48080264 (run_log.sh)
B107809_I2_S6
Submitted batch job 48080267 (run_class_input.sh)
Submitted batch job 48080268 (run_ensembl.sh)
Submitted batch job 48080269 (run_compare.sh)
Submitted batch job 48080270 (run_log.sh)
Submitted batch job 48080271 (run_log.sh)
B107809_I3_S7
Submitted batch job 48080273 (run_class_input.sh)
Submitted batch job 48080274 (run_ensembl.sh)
Submitted batch job 48080275 (run_compare.sh)
Submitted batch job 48080276 (run_log.sh)
Submitted batch job 48080278 (run_log.sh)
B107809_I4_S8
Submitted batch job 48080280 (run_class_input.sh)
Submitted batch job 48080281 (run_ensembl.sh)
Submitted batch job 48080282 (run_compare.sh)
Submitted batch job 48080283 (run_log.sh)
Submitted batch job 48080285 (run_log.sh)
B107809_I5_S9
Submitted batch job 48080286 (run_class_input.sh)
Submitted batch job 48080287 (run_ensembl.sh)
Submitted batch job 48080289 (run_compare.sh)
Submitted batch job 48080290 (run_log.sh)
Submitted batch job 48080291 (run_log.sh)
B107809_I6_S10
Submitted batch job 48080293 (run_class_input.sh)
Submitted batch job 48080294 (run_ensembl.sh)
Submitted batch job 48080296 (run_compare.sh)
Submitted batch job 48080297 (run_log.sh)
Submitted batch job 48080298 (run_log.sh)
B107809_I7_S11
Submitted batch job 48080300 (run_class_input.sh)
Submitted batch job 48080301 (run_ensembl.sh)
Submitted batch job 48080302 (run_compare.sh)
Submitted batch job 48080303 (run_log.sh)
Submitted batch job 48080305 (run_log.sh)
B107809_I8_S12
Submitted batch job 48080306 (run_class_input.sh)
Submitted batch job 48080307 (run_ensembl.sh)
Submitted batch job 48080308 (run_compare.sh)
Submitted batch job 48080309 (run_log.sh)
Submitted batch job 48080310 (run_log.sh)
B107809_I9_S13
Submitted batch job 48080312 (run_class_input.sh)
Submitted batch job 48080313 (run_ensembl.sh)
Submitted batch job 48080315 (run_compare.sh)
Submitted batch job 48080317 (run_log.sh)
Submitted batch job 48080318 (run_log.sh)
B107809_J10_S37
Submitted batch job 48080319 (run_class_input.sh)
Submitted batch job 48080321 (run_ensembl.sh)
Submitted batch job 48080322 (run_compare.sh)
Submitted batch job 48080323 (run_log.sh)
Submitted batch job 48080325 (run_log.sh)
B107809_J11_S38
Submitted batch job 48080326 (run_class_input.sh)
Submitted batch job 48080328 (run_ensembl.sh)
Submitted batch job 48080329 (run_compare.sh)
Submitted batch job 48080330 (run_log.sh)
Submitted batch job 48080331 (run_log.sh)
B107809_J12_S39
Submitted batch job 48080333 (run_class_input.sh)
Submitted batch job 48080334 (run_ensembl.sh)
Submitted batch job 48080335 (run_compare.sh)
Submitted batch job 48080336 (run_log.sh)
Submitted batch job 48080337 (run_log.sh)
B107809_J13_S40
Submitted batch job 48080339 (run_class_input.sh)
Submitted batch job 48080340 (run_ensembl.sh)
Submitted batch job 48080343 (run_compare.sh)
Submitted batch job 48080344 (run_log.sh)
Submitted batch job 48080345 (run_log.sh)
B107809_J14_S41
Submitted batch job 48080347 (run_class_input.sh)
Submitted batch job 48080349 (run_ensembl.sh)
Submitted batch job 48080351 (run_compare.sh)
Submitted batch job 48080352 (run_log.sh)
Submitted batch job 48080353 (run_log.sh)
B107809_J15_S42
Submitted batch job 48080356 (run_class_input.sh)
Submitted batch job 48080358 (run_ensembl.sh)
Submitted batch job 48080359 (run_compare.sh)
Submitted batch job 48080360 (run_log.sh)
Submitted batch job 48080362 (run_log.sh)
B107809_J16_S43
Submitted batch job 48080363 (run_class_input.sh)
Submitted batch job 48080364 (run_ensembl.sh)
Submitted batch job 48080367 (run_compare.sh)
Submitted batch job 48080369 (run_log.sh)
Submitted batch job 48080370 (run_log.sh)
B107809_J17_S44
Submitted batch job 48080371 (run_class_input.sh)
Submitted batch job 48080373 (run_ensembl.sh)
Submitted batch job 48080374 (run_compare.sh)
Submitted batch job 48080376 (run_log.sh)
Submitted batch job 48080377 (run_log.sh)
B107809_J18_S45
Submitted batch job 48080378 (run_class_input.sh)
Submitted batch job 48080380 (run_ensembl.sh)
Submitted batch job 48080382 (run_compare.sh)
Submitted batch job 48080383 (run_log.sh)
Submitted batch job 48080384 (run_log.sh)
B107809_J19_S46
Submitted batch job 48080386 (run_class_input.sh)
Submitted batch job 48080387 (run_ensembl.sh)
Submitted batch job 48080389 (run_compare.sh)
Submitted batch job 48080392 (run_log.sh)
Submitted batch job 48080394 (run_log.sh)
B107809_J1_S28
Submitted batch job 48080396 (run_class_input.sh)
Submitted batch job 48080397 (run_ensembl.sh)
Submitted batch job 48080399 (run_compare.sh)
Submitted batch job 48080400 (run_log.sh)
Submitted batch job 48080401 (run_log.sh)
B107809_J20_S47
Submitted batch job 48080403 (run_class_input.sh)
Submitted batch job 48080404 (run_ensembl.sh)
Submitted batch job 48080405 (run_compare.sh)
Submitted batch job 48080406 (run_log.sh)
Submitted batch job 48080409 (run_log.sh)
B107809_J21_S48
Submitted batch job 48080412 (run_class_input.sh)
Submitted batch job 48080414 (run_ensembl.sh)
Submitted batch job 48080415 (run_compare.sh)
Submitted batch job 48080417 (run_log.sh)
Submitted batch job 48080418 (run_log.sh)
B107809_J22_S49
Submitted batch job 48080420 (run_class_input.sh)
Submitted batch job 48080422 (run_ensembl.sh)
Submitted batch job 48080423 (run_compare.sh)
Submitted batch job 48080424 (run_log.sh)
Submitted batch job 48080425 (run_log.sh)
B107809_J23_S50
Submitted batch job 48080427 (run_class_input.sh)
Submitted batch job 48080428 (run_ensembl.sh)
Submitted batch job 48080429 (run_compare.sh)
Submitted batch job 48080431 (run_log.sh)
Submitted batch job 48080432 (run_log.sh)
B107809_J2_S29
Submitted batch job 48080434 (run_class_input.sh)
Submitted batch job 48080435 (run_ensembl.sh)
Submitted batch job 48080436 (run_compare.sh)
Submitted batch job 48080438 (run_log.sh)
Submitted batch job 48080439 (run_log.sh)
B107809_J3_S30
Submitted batch job 48080440 (run_class_input.sh)
Submitted batch job 48080441 (run_ensembl.sh)
Submitted batch job 48080443 (run_compare.sh)
Submitted batch job 48080444 (run_log.sh)
Submitted batch job 48080445 (run_log.sh)
B107809_J4_S31
Submitted batch job 48080449 (run_class_input.sh)
Submitted batch job 48080450 (run_ensembl.sh)
Submitted batch job 48080451 (run_compare.sh)
Submitted batch job 48080452 (run_log.sh)
Submitted batch job 48080453 (run_log.sh)
B107809_J5_S32
Submitted batch job 48080455 (run_class_input.sh)
Submitted batch job 48080456 (run_ensembl.sh)
Submitted batch job 48080457 (run_compare.sh)
Submitted batch job 48080458 (run_log.sh)
Submitted batch job 48080460 (run_log.sh)
B107809_J6_S33
Submitted batch job 48080461 (run_class_input.sh)
Submitted batch job 48080462 (run_ensembl.sh)
Submitted batch job 48080464 (run_compare.sh)
Submitted batch job 48080465 (run_log.sh)
Submitted batch job 48080467 (run_log.sh)
B107809_J7_S34
Submitted batch job 48080468 (run_class_input.sh)
Submitted batch job 48080469 (run_ensembl.sh)
Submitted batch job 48080471 (run_compare.sh)
Submitted batch job 48080472 (run_log.sh)
Submitted batch job 48080473 (run_log.sh)
B107809_J8_S35
Submitted batch job 48080475 (run_class_input.sh)
Submitted batch job 48080477 (run_ensembl.sh)
Submitted batch job 48080478 (run_compare.sh)
Submitted batch job 48080479 (run_log.sh)
Submitted batch job 48080480 (run_log.sh)
B107809_J9_S36
Submitted batch job 48080482 (run_class_input.sh)
Submitted batch job 48080483 (run_ensembl.sh)
Submitted batch job 48080484 (run_compare.sh)
Submitted batch job 48080485 (run_log.sh)
Submitted batch job 48080487 (run_log.sh)
B107809_K10_S60
Submitted batch job 48080488 (run_class_input.sh)
Submitted batch job 48080489 (run_ensembl.sh)
Submitted batch job 48080490 (run_compare.sh)
Submitted batch job 48080491 (run_log.sh)
Submitted batch job 48080493 (run_log.sh)
B107809_K11_S61
Submitted batch job 48080496 (run_class_input.sh)
Submitted batch job 48080497 (run_ensembl.sh)
Submitted batch job 48080498 (run_compare.sh)
Submitted batch job 48080499 (run_log.sh)
Submitted batch job 48080500 (run_log.sh)
B107809_K12_S62
Submitted batch job 48080503 (run_class_input.sh)
Submitted batch job 48080504 (run_ensembl.sh)
Submitted batch job 48080505 (run_compare.sh)
Submitted batch job 48080506 (run_log.sh)
Submitted batch job 48080507 (run_log.sh)
B107809_K13_S63
Submitted batch job 48080509 (run_class_input.sh)
Submitted batch job 48080510 (run_ensembl.sh)
Submitted batch job 48080511 (run_compare.sh)
Submitted batch job 48080512 (run_log.sh)
Submitted batch job 48080513 (run_log.sh)
B107809_K14_S64
Submitted batch job 48080514 (run_class_input.sh)
Submitted batch job 48080516 (run_ensembl.sh)
Submitted batch job 48080517 (run_compare.sh)
Submitted batch job 48080518 (run_log.sh)
Submitted batch job 48080519 (run_log.sh)
B107809_K15_S65
Submitted batch job 48080520 (run_class_input.sh)
Submitted batch job 48080522 (run_ensembl.sh)
Submitted batch job 48080523 (run_compare.sh)
Submitted batch job 48080524 (run_log.sh)
Submitted batch job 48080525 (run_log.sh)
B107809_K16_S66
Submitted batch job 48080527 (run_class_input.sh)
Submitted batch job 48080528 (run_ensembl.sh)
Submitted batch job 48080529 (run_compare.sh)
Submitted batch job 48080530 (run_log.sh)
Submitted batch job 48080531 (run_log.sh)
B107809_K17_S67
Submitted batch job 48080532 (run_class_input.sh)
Submitted batch job 48080534 (run_ensembl.sh)
Submitted batch job 48080535 (run_compare.sh)
Submitted batch job 48080536 (run_log.sh)
Submitted batch job 48080537 (run_log.sh)
B107809_K18_S68
Submitted batch job 48080538 (run_class_input.sh)
Submitted batch job 48080539 (run_ensembl.sh)
Submitted batch job 48080540 (run_compare.sh)
Submitted batch job 48080542 (run_log.sh)
Submitted batch job 48080543 (run_log.sh)
B107809_K19_S69
Submitted batch job 48080544 (run_class_input.sh)
Submitted batch job 48080545 (run_ensembl.sh)
Submitted batch job 48080546 (run_compare.sh)
Submitted batch job 48080547 (run_log.sh)
Submitted batch job 48080548 (run_log.sh)
B107809_K1_S51
Submitted batch job 48080550 (run_class_input.sh)
Submitted batch job 48080551 (run_ensembl.sh)
Submitted batch job 48080552 (run_compare.sh)
Submitted batch job 48080553 (run_log.sh)
Submitted batch job 48080554 (run_log.sh)
B107809_K20_S70
Submitted batch job 48080556 (run_class_input.sh)
Submitted batch job 48080557 (run_ensembl.sh)
Submitted batch job 48080558 (run_compare.sh)
Submitted batch job 48080559 (run_log.sh)
Submitted batch job 48080561 (run_log.sh)
B107809_K21_S71
Submitted batch job 48080562 (run_class_input.sh)
Submitted batch job 48080563 (run_ensembl.sh)
Submitted batch job 48080565 (run_compare.sh)
Submitted batch job 48080566 (run_log.sh)
Submitted batch job 48080567 (run_log.sh)
B107809_K22_S72
Submitted batch job 48080569 (run_class_input.sh)
Submitted batch job 48080570 (run_ensembl.sh)
Submitted batch job 48080571 (run_compare.sh)
Submitted batch job 48080573 (run_log.sh)
Submitted batch job 48080574 (run_log.sh)
B107809_K23_S73
Submitted batch job 48080575 (run_class_input.sh)
Submitted batch job 48080577 (run_ensembl.sh)
Submitted batch job 48080578 (run_compare.sh)
Submitted batch job 48080580 (run_log.sh)
Submitted batch job 48080581 (run_log.sh)
B107809_K2_S52
Submitted batch job 48080582 (run_class_input.sh)
Submitted batch job 48080583 (run_ensembl.sh)
Submitted batch job 48080585 (run_compare.sh)
Submitted batch job 48080586 (run_log.sh)
Submitted batch job 48080587 (run_log.sh)
B107809_K3_S53
Submitted batch job 48080589 (run_class_input.sh)
Submitted batch job 48080590 (run_ensembl.sh)
Submitted batch job 48080591 (run_compare.sh)
Submitted batch job 48080592 (run_log.sh)
Submitted batch job 48080594 (run_log.sh)
B107809_K4_S54
Submitted batch job 48080595 (run_class_input.sh)
Submitted batch job 48080596 (run_ensembl.sh)
Submitted batch job 48080598 (run_compare.sh)
Submitted batch job 48080599 (run_log.sh)
Submitted batch job 48080600 (run_log.sh)
B107809_K5_S55
Submitted batch job 48080602 (run_class_input.sh)
Submitted batch job 48080603 (run_ensembl.sh)
Submitted batch job 48080604 (run_compare.sh)
Submitted batch job 48080605 (run_log.sh)
Submitted batch job 48080606 (run_log.sh)
B107809_K6_S56
Submitted batch job 48080607 (run_class_input.sh)
Submitted batch job 48080608 (run_ensembl.sh)
Submitted batch job 48080609 (run_compare.sh)
Submitted batch job 48080611 (run_log.sh)
Submitted batch job 48080612 (run_log.sh)
B107809_K7_S57
Submitted batch job 48080613 (run_class_input.sh)
Submitted batch job 48080614 (run_ensembl.sh)
Submitted batch job 48080616 (run_compare.sh)
Submitted batch job 48080617 (run_log.sh)
Submitted batch job 48080618 (run_log.sh)
B107809_K8_S58
Submitted batch job 48080619 (run_class_input.sh)
Submitted batch job 48080620 (run_ensembl.sh)
Submitted batch job 48080622 (run_compare.sh)
Submitted batch job 48080623 (run_log.sh)
Submitted batch job 48080624 (run_log.sh)
B107809_K9_S59
Submitted batch job 48080625 (run_class_input.sh)
Submitted batch job 48080626 (run_ensembl.sh)
Submitted batch job 48080628 (run_compare.sh)
Submitted batch job 48080629 (run_log.sh)
Submitted batch job 48080630 (run_log.sh)
B107809_L10_S83
Submitted batch job 48080631 (run_class_input.sh)
Submitted batch job 48080632 (run_ensembl.sh)
Submitted batch job 48080634 (run_compare.sh)
Submitted batch job 48080635 (run_log.sh)
Submitted batch job 48080636 (run_log.sh)
B107809_L11_S84
Submitted batch job 48080637 (run_class_input.sh)
Submitted batch job 48080638 (run_ensembl.sh)
Submitted batch job 48080639 (run_compare.sh)
Submitted batch job 48080641 (run_log.sh)
Submitted batch job 48080642 (run_log.sh)
B107809_L12_S85
Submitted batch job 48080643 (run_class_input.sh)
Submitted batch job 48080644 (run_ensembl.sh)
Submitted batch job 48080645 (run_compare.sh)
Submitted batch job 48080647 (run_log.sh)
Submitted batch job 48080648 (run_log.sh)
B107809_L13_S86
Submitted batch job 48080649 (run_class_input.sh)
Submitted batch job 48080650 (run_ensembl.sh)
Submitted batch job 48080652 (run_compare.sh)
Submitted batch job 48080653 (run_log.sh)
Submitted batch job 48080654 (run_log.sh)
B107809_L14_S87
Submitted batch job 48080655 (run_class_input.sh)
Submitted batch job 48080656 (run_ensembl.sh)
Submitted batch job 48080658 (run_compare.sh)
Submitted batch job 48080659 (run_log.sh)
Submitted batch job 48080660 (run_log.sh)
B107809_L15_S88
Submitted batch job 48080661 (run_class_input.sh)
Submitted batch job 48080662 (run_ensembl.sh)
Submitted batch job 48080663 (run_compare.sh)
Submitted batch job 48080665 (run_log.sh)
Submitted batch job 48080666 (run_log.sh)
B107809_L16_S89
Submitted batch job 48080667 (run_class_input.sh)
Submitted batch job 48080668 (run_ensembl.sh)
Submitted batch job 48080669 (run_compare.sh)
Submitted batch job 48080670 (run_log.sh)
Submitted batch job 48080672 (run_log.sh)
B107809_L17_S90
Submitted batch job 48080673 (run_class_input.sh)
Submitted batch job 48080674 (run_ensembl.sh)
Submitted batch job 48080675 (run_compare.sh)
Submitted batch job 48080676 (run_log.sh)
Submitted batch job 48080677 (run_log.sh)
B107809_L18_S91
Submitted batch job 48080679 (run_class_input.sh)
Submitted batch job 48080680 (run_ensembl.sh)
Submitted batch job 48080681 (run_compare.sh)
Submitted batch job 48080682 (run_log.sh)
Submitted batch job 48080683 (run_log.sh)
B107809_L19_S92
Submitted batch job 48080685 (run_class_input.sh)
Submitted batch job 48080687 (run_ensembl.sh)
Submitted batch job 48080688 (run_compare.sh)
Submitted batch job 48080689 (run_log.sh)
Submitted batch job 48080690 (run_log.sh)
B107809_L1_S74
Submitted batch job 48080691 (run_class_input.sh)
Submitted batch job 48080692 (run_ensembl.sh)
Submitted batch job 48080693 (run_compare.sh)
Submitted batch job 48080694 (run_log.sh)
Submitted batch job 48080696 (run_log.sh)
B107809_L20_S93
Submitted batch job 48080697 (run_class_input.sh)
Submitted batch job 48080698 (run_ensembl.sh)
Submitted batch job 48080699 (run_compare.sh)
Submitted batch job 48080700 (run_log.sh)
Submitted batch job 48080702 (run_log.sh)
B107809_L21_S94
Submitted batch job 48080703 (run_class_input.sh)
Submitted batch job 48080704 (run_ensembl.sh)
Submitted batch job 48080705 (run_compare.sh)
Submitted batch job 48080706 (run_log.sh)
Submitted batch job 48080707 (run_log.sh)
B107809_L22_S95
Submitted batch job 48080709 (run_class_input.sh)
Submitted batch job 48080710 (run_ensembl.sh)
Submitted batch job 48080711 (run_compare.sh)
Submitted batch job 48080713 (run_log.sh)
Submitted batch job 48080714 (run_log.sh)
B107809_L23_S96
Submitted batch job 48080715 (run_class_input.sh)
Submitted batch job 48080716 (run_ensembl.sh)
Submitted batch job 48080717 (run_compare.sh)
Submitted batch job 48080719 (run_log.sh)
Submitted batch job 48080720 (run_log.sh)
B107809_L2_S75
Submitted batch job 48080721 (run_class_input.sh)
Submitted batch job 48080722 (run_ensembl.sh)
Submitted batch job 48080723 (run_compare.sh)
Submitted batch job 48080725 (run_log.sh)
Submitted batch job 48080726 (run_log.sh)
B107809_L3_S76
Submitted batch job 48080727 (run_class_input.sh)
Submitted batch job 48080729 (run_ensembl.sh)
Submitted batch job 48080730 (run_compare.sh)
Submitted batch job 48080731 (run_log.sh)
Submitted batch job 48080732 (run_log.sh)
B107809_L4_S77
Submitted batch job 48080734 (run_class_input.sh)
Submitted batch job 48080735 (run_ensembl.sh)
Submitted batch job 48080736 (run_compare.sh)
Submitted batch job 48080737 (run_log.sh)
Submitted batch job 48080738 (run_log.sh)
B107809_L5_S78
Submitted batch job 48080740 (run_class_input.sh)
Submitted batch job 48080741 (run_ensembl.sh)
Submitted batch job 48080743 (run_compare.sh)
Submitted batch job 48080744 (run_log.sh)
Submitted batch job 48080745 (run_log.sh)
B107809_L6_S79
Submitted batch job 48080747 (run_class_input.sh)
Submitted batch job 48080748 (run_ensembl.sh)
Submitted batch job 48080749 (run_compare.sh)
Submitted batch job 48080750 (run_log.sh)
Submitted batch job 48080751 (run_log.sh)
B107809_L7_S80
Submitted batch job 48080753 (run_class_input.sh)
Submitted batch job 48080754 (run_ensembl.sh)
Submitted batch job 48080755 (run_compare.sh)
Submitted batch job 48080756 (run_log.sh)
Submitted batch job 48080757 (run_log.sh)
B107809_L8_S81
Submitted batch job 48080759 (run_class_input.sh)
Submitted batch job 48080760 (run_ensembl.sh)
Submitted batch job 48080761 (run_compare.sh)
Submitted batch job 48080763 (run_log.sh)
Submitted batch job 48080764 (run_log.sh)
B107809_L9_S82
Submitted batch job 48080766 (run_class_input.sh)
Submitted batch job 48080768 (run_ensembl.sh)
Submitted batch job 48080769 (run_compare.sh)
Submitted batch job 48080770 (run_log.sh)
Submitted batch job 48080772 (run_log.sh)
B107809_M10_S106
Submitted batch job 48080773 (run_class_input.sh)
Submitted batch job 48080775 (run_ensembl.sh)
Submitted batch job 48080776 (run_compare.sh)
Submitted batch job 48080777 (run_log.sh)
Submitted batch job 48080779 (run_log.sh)
B107809_M11_S107
Submitted batch job 48080780 (run_class_input.sh)
Submitted batch job 48080782 (run_ensembl.sh)
Submitted batch job 48080783 (run_compare.sh)
Submitted batch job 48080784 (run_log.sh)
Submitted batch job 48080785 (run_log.sh)
B107809_M12_S108
Submitted batch job 48080787 (run_class_input.sh)
Submitted batch job 48080788 (run_ensembl.sh)
Submitted batch job 48080790 (run_compare.sh)
Submitted batch job 48080791 (run_log.sh)
Submitted batch job 48080792 (run_log.sh)
B107809_M13_S109
Submitted batch job 48080794 (run_class_input.sh)
Submitted batch job 48080795 (run_ensembl.sh)
Submitted batch job 48080796 (run_compare.sh)
Submitted batch job 48080798 (run_log.sh)
Submitted batch job 48080799 (run_log.sh)
B107809_M14_S110
Submitted batch job 48080801 (run_class_input.sh)
Submitted batch job 48080802 (run_ensembl.sh)
Submitted batch job 48080803 (run_compare.sh)
Submitted batch job 48080804 (run_log.sh)
Submitted batch job 48080806 (run_log.sh)
B107809_M15_S111
Submitted batch job 48080807 (run_class_input.sh)
Submitted batch job 48080809 (run_ensembl.sh)
Submitted batch job 48080810 (run_compare.sh)
Submitted batch job 48080811 (run_log.sh)
Submitted batch job 48080813 (run_log.sh)
B107809_M16_S112
Submitted batch job 48080814 (run_class_input.sh)
Submitted batch job 48080815 (run_ensembl.sh)
Submitted batch job 48080817 (run_compare.sh)
Submitted batch job 48080818 (run_log.sh)
Submitted batch job 48080820 (run_log.sh)
B107809_M17_S113
Submitted batch job 48080821 (run_class_input.sh)
Submitted batch job 48080822 (run_ensembl.sh)
Submitted batch job 48080824 (run_compare.sh)
Submitted batch job 48080825 (run_log.sh)
Submitted batch job 48080827 (run_log.sh)
B107809_M18_S114
Submitted batch job 48080828 (run_class_input.sh)
Submitted batch job 48080830 (run_ensembl.sh)
Submitted batch job 48080831 (run_compare.sh)
Submitted batch job 48080832 (run_log.sh)
Submitted batch job 48080833 (run_log.sh)
B107809_M19_S115
Submitted batch job 48080835 (run_class_input.sh)
Submitted batch job 48080836 (run_ensembl.sh)
Submitted batch job 48080837 (run_compare.sh)
Submitted batch job 48080838 (run_log.sh)
Submitted batch job 48080840 (run_log.sh)
B107809_M1_S97
Submitted batch job 48080841 (run_class_input.sh)
Submitted batch job 48080844 (run_ensembl.sh)
Submitted batch job 48080847 (run_compare.sh)
Submitted batch job 48080848 (run_log.sh)
Submitted batch job 48080849 (run_log.sh)
B107809_M20_S116
Submitted batch job 48080851 (run_class_input.sh)
Submitted batch job 48080852 (run_ensembl.sh)
Submitted batch job 48080859 (run_compare.sh)
Submitted batch job 48080861 (run_log.sh)
Submitted batch job 48080862 (run_log.sh)
B107809_M21_S117
Submitted batch job 48080863 (run_class_input.sh)
Submitted batch job 48080864 (run_ensembl.sh)
Submitted batch job 48080865 (run_compare.sh)
Submitted batch job 48080866 (run_log.sh)
Submitted batch job 48080867 (run_log.sh)
B107809_M22_S118
Submitted batch job 48080869 (run_class_input.sh)
Submitted batch job 48080870 (run_ensembl.sh)
Submitted batch job 48080871 (run_compare.sh)
Submitted batch job 48080872 (run_log.sh)
Submitted batch job 48080873 (run_log.sh)
B107809_M23_S119
Submitted batch job 48080875 (run_class_input.sh)
Submitted batch job 48080876 (run_ensembl.sh)
Submitted batch job 48080877 (run_compare.sh)
Submitted batch job 48080878 (run_log.sh)
Submitted batch job 48080879 (run_log.sh)
B107809_M2_S98
Submitted batch job 48080881 (run_class_input.sh)
Submitted batch job 48080882 (run_ensembl.sh)
Submitted batch job 48080883 (run_compare.sh)
Submitted batch job 48080885 (run_log.sh)
Submitted batch job 48080886 (run_log.sh)
B107809_M3_S99
Submitted batch job 48080887 (run_class_input.sh)
Submitted batch job 48080889 (run_ensembl.sh)
Submitted batch job 48080890 (run_compare.sh)
Submitted batch job 48080891 (run_log.sh)
Submitted batch job 48080892 (run_log.sh)
B107809_M4_S100
Submitted batch job 48080894 (run_class_input.sh)
Submitted batch job 48080895 (run_ensembl.sh)
Submitted batch job 48080897 (run_compare.sh)
Submitted batch job 48080898 (run_log.sh)
Submitted batch job 48080899 (run_log.sh)
B107809_M5_S101
Submitted batch job 48080901 (run_class_input.sh)
Submitted batch job 48080902 (run_ensembl.sh)
Submitted batch job 48080903 (run_compare.sh)
Submitted batch job 48080904 (run_log.sh)
Submitted batch job 48080905 (run_log.sh)
B107809_M6_S102
Submitted batch job 48080907 (run_class_input.sh)
Submitted batch job 48080908 (run_ensembl.sh)
Submitted batch job 48080909 (run_compare.sh)
Submitted batch job 48080910 (run_log.sh)
Submitted batch job 48080912 (run_log.sh)
B107809_M7_S103
Submitted batch job 48080915 (run_class_input.sh)
Submitted batch job 48080916 (run_ensembl.sh)
Submitted batch job 48080917 (run_compare.sh)
Submitted batch job 48080918 (run_log.sh)
Submitted batch job 48080919 (run_log.sh)
B107809_M8_S104
Submitted batch job 48080921 (run_class_input.sh)
Submitted batch job 48080922 (run_ensembl.sh)
Submitted batch job 48080924 (run_compare.sh)
Submitted batch job 48080925 (run_log.sh)
Submitted batch job 48080926 (run_log.sh)
B107809_M9_S105
Submitted batch job 48080928 (run_class_input.sh)
Submitted batch job 48080929 (run_ensembl.sh)
Submitted batch job 48080930 (run_compare.sh)
Submitted batch job 48080931 (run_log.sh)
Submitted batch job 48080932 (run_log.sh)
B107809_N10_S129
Submitted batch job 48080934 (run_class_input.sh)
Submitted batch job 48080935 (run_ensembl.sh)
Submitted batch job 48080937 (run_compare.sh)
Submitted batch job 48080938 (run_log.sh)
Submitted batch job 48080939 (run_log.sh)
B107809_N11_S130
Submitted batch job 48080941 (run_class_input.sh)
Submitted batch job 48080942 (run_ensembl.sh)
Submitted batch job 48080943 (run_compare.sh)
Submitted batch job 48080944 (run_log.sh)
Submitted batch job 48080945 (run_log.sh)
B107809_N12_S131
Submitted batch job 48080947 (run_class_input.sh)
Submitted batch job 48080948 (run_ensembl.sh)
Submitted batch job 48080949 (run_compare.sh)
Submitted batch job 48080950 (run_log.sh)
Submitted batch job 48080952 (run_log.sh)
B107809_N13_S132
Submitted batch job 48080953 (run_class_input.sh)
Submitted batch job 48080954 (run_ensembl.sh)
Submitted batch job 48080956 (run_compare.sh)
Submitted batch job 48080957 (run_log.sh)
Submitted batch job 48080958 (run_log.sh)
B107809_N14_S133
Submitted batch job 48080959 (run_class_input.sh)
Submitted batch job 48080961 (run_ensembl.sh)
Submitted batch job 48080962 (run_compare.sh)
Submitted batch job 48080963 (run_log.sh)
Submitted batch job 48080964 (run_log.sh)
B107809_N15_S134
Submitted batch job 48080965 (run_class_input.sh)
Submitted batch job 48080966 (run_ensembl.sh)
Submitted batch job 48080967 (run_compare.sh)
Submitted batch job 48080969 (run_log.sh)
Submitted batch job 48080970 (run_log.sh)
B107809_N16_S135
Submitted batch job 48080971 (run_class_input.sh)
Submitted batch job 48080972 (run_ensembl.sh)
Submitted batch job 48080974 (run_compare.sh)
Submitted batch job 48080975 (run_log.sh)
Submitted batch job 48080976 (run_log.sh)
B107809_N17_S136
Submitted batch job 48080978 (run_class_input.sh)
Submitted batch job 48080979 (run_ensembl.sh)
Submitted batch job 48080980 (run_compare.sh)
Submitted batch job 48080981 (run_log.sh)
Submitted batch job 48080982 (run_log.sh)
B107809_N18_S137
Submitted batch job 48080984 (run_class_input.sh)
Submitted batch job 48080986 (run_ensembl.sh)
Submitted batch job 48080987 (run_compare.sh)
Submitted batch job 48080988 (run_log.sh)
Submitted batch job 48080989 (run_log.sh)
B107809_N19_S138
Submitted batch job 48080991 (run_class_input.sh)
Submitted batch job 48080992 (run_ensembl.sh)
Submitted batch job 48080994 (run_compare.sh)
Submitted batch job 48080996 (run_log.sh)
Submitted batch job 48080997 (run_log.sh)
B107809_N1_S120
Submitted batch job 48081000 (run_class_input.sh)
Submitted batch job 48081001 (run_ensembl.sh)
Submitted batch job 48081002 (run_compare.sh)
Submitted batch job 48081003 (run_log.sh)
Submitted batch job 48081004 (run_log.sh)
B107809_N20_S139
Submitted batch job 48081006 (run_class_input.sh)
Submitted batch job 48081007 (run_ensembl.sh)
Submitted batch job 48081008 (run_compare.sh)
Submitted batch job 48081009 (run_log.sh)
Submitted batch job 48081011 (run_log.sh)
B107809_N21_S140
Submitted batch job 48081012 (run_class_input.sh)
Submitted batch job 48081013 (run_ensembl.sh)
Submitted batch job 48081015 (run_compare.sh)
Submitted batch job 48081016 (run_log.sh)
Submitted batch job 48081017 (run_log.sh)
B107809_N22_S141
Submitted batch job 48081019 (run_class_input.sh)
Submitted batch job 48081020 (run_ensembl.sh)
Submitted batch job 48081021 (run_compare.sh)
Submitted batch job 48081022 (run_log.sh)
Submitted batch job 48081023 (run_log.sh)
B107809_N23_S142
Submitted batch job 48081026 (run_class_input.sh)
Submitted batch job 48081027 (run_ensembl.sh)
Submitted batch job 48081028 (run_compare.sh)
Submitted batch job 48081029 (run_log.sh)
Submitted batch job 48081030 (run_log.sh)
B107809_N2_S121
Submitted batch job 48081032 (run_class_input.sh)
Submitted batch job 48081034 (run_ensembl.sh)
Submitted batch job 48081039 (run_compare.sh)
Submitted batch job 48081042 (run_log.sh)
Submitted batch job 48081043 (run_log.sh)
B107809_N3_S122
Submitted batch job 48081045 (run_class_input.sh)
Submitted batch job 48081047 (run_ensembl.sh)
Submitted batch job 48081049 (run_compare.sh)
Submitted batch job 48081050 (run_log.sh)
Submitted batch job 48081053 (run_log.sh)
B107809_N4_S123
Submitted batch job 48081054 (run_class_input.sh)
Submitted batch job 48081055 (run_ensembl.sh)
Submitted batch job 48081057 (run_compare.sh)
Submitted batch job 48081058 (run_log.sh)
Submitted batch job 48081059 (run_log.sh)
B107809_N5_S124
