                                 Started job on |	Oct 30 23:08:12
                             Started mapping on |	Oct 30 23:12:04
                                    Finished on |	Oct 30 23:12:05
       Mapping speed, Million of reads per hour |	0.03

                          Number of input reads |	8
                      Average input read length |	60
                                    UNIQUE READS:
                   Uniquely mapped reads number |	7
                        Uniquely mapped reads % |	87.50%
                          Average mapped length |	60.71
                       Number of splices: Total |	3
            Number of splices: Annotated (sjdb) |	3
                       Number of splices: GT/AG |	3
                       Number of splices: GC/AG |	0
                       Number of splices: AT/AC |	0
               Number of splices: Non-canonical |	0
                      Mismatch rate per base, % |	4.47%
                         Deletion rate per base |	0.00%
                        Deletion average length |	0.00
                        Insertion rate per base |	0.00%
                       Insertion average length |	0.00
                             MULTI-MAPPING READS:
        Number of reads mapped to multiple loci |	1
             % of reads mapped to multiple loci |	12.50%
        Number of reads mapped to too many loci |	0
             % of reads mapped to too many loci |	0.00%
                                  UNMAPPED READS:
  Number of reads unmapped: too many mismatches |	0
       % of reads unmapped: too many mismatches |	0.00%
            Number of reads unmapped: too short |	0
                 % of reads unmapped: too short |	0.00%
                Number of reads unmapped: other |	0
                     % of reads unmapped: other |	0.00%
                                  CHIMERIC READS:
                       Number of chimeric reads |	0
                            % of chimeric reads |	0.00%
